<?xml version="1.0" encoding="UTF-8"?>
<!-- Generated by org.testng.reporters.JUnitXMLReporter -->
<testsuite ignored="0" hostname="LAPTOP-FL7DK08P" failures="0" tests="6" name="Command line test" time="0.063" errors="0" timestamp="2021-12-14T14:30:12 IST">
  <testcase classname="QaclickAcademy.AppiumTest" name="IOSApps" time="0.005"/>
  <testcase classname="QaclickAcademy.AppiumTest" name="NativeAPpAndroid" time="0.0"/>
  <testcase classname="QaclickAcademy.RESTAPITest" name="deleteTwitter" time="0.001"/>
  <testcase classname="QaclickAcademy.RESTAPITest" name="postJira" time="0.0"/>
  <testcase classname="QaclickAcademy.SeleniumTest" name="BrowserAUtomation" time="0.0"/>
  <testcase classname="QaclickAcademy.SeleniumTest" name="elementsUi" time="0.0"/>
</testsuite> <!-- Command line test -->
