<?xml version="1.0" encoding="UTF-8"?>
<testng-results ignored="0" total="6" passed="6" failed="0" skipped="0">
  <reporter-output>
  </reporter-output>
  <suite started-at="2021-12-14T14:30:12 IST" name="Command line suite" finished-at="2021-12-14T14:30:12 IST" duration-ms="63">
    <groups>
    </groups>
    <test started-at="2021-12-14T14:30:12 IST" name="Command line test" finished-at="2021-12-14T14:30:12 IST" duration-ms="63">
      <class name="QaclickAcademy.RESTAPITest">
        <test-method signature="deleteTwitter()[pri:0, instance:QaclickAcademy.RESTAPITest@dd05255]" started-at="2021-12-14T14:30:12 IST" name="deleteTwitter" finished-at="2021-12-14T14:30:12 IST" duration-ms="1" status="PASS">
          <reporter-output>
          </reporter-output>
        </test-method> <!-- deleteTwitter -->
        <test-method signature="postJira()[pri:0, instance:QaclickAcademy.RESTAPITest@dd05255]" started-at="2021-12-14T14:30:12 IST" name="postJira" finished-at="2021-12-14T14:30:12 IST" duration-ms="0" status="PASS">
          <reporter-output>
          </reporter-output>
        </test-method> <!-- postJira -->
      </class> <!-- QaclickAcademy.RESTAPITest -->
      <class name="QaclickAcademy.AppiumTest">
        <test-method signature="IOSApps()[pri:0, instance:QaclickAcademy.AppiumTest@292b08d6]" started-at="2021-12-14T14:30:12 IST" name="IOSApps" finished-at="2021-12-14T14:30:12 IST" duration-ms="5" status="PASS">
          <reporter-output>
          </reporter-output>
        </test-method> <!-- IOSApps -->
        <test-method signature="NativeAPpAndroid()[pri:0, instance:QaclickAcademy.AppiumTest@292b08d6]" started-at="2021-12-14T14:30:12 IST" name="NativeAPpAndroid" finished-at="2021-12-14T14:30:12 IST" duration-ms="0" status="PASS">
          <reporter-output>
          </reporter-output>
        </test-method> <!-- NativeAPpAndroid -->
      </class> <!-- QaclickAcademy.AppiumTest -->
      <class name="QaclickAcademy.SeleniumTest">
        <test-method signature="BrowserAUtomation()[pri:0, instance:QaclickAcademy.SeleniumTest@6a78afa0]" started-at="2021-12-14T14:30:12 IST" name="BrowserAUtomation" finished-at="2021-12-14T14:30:12 IST" duration-ms="0" status="PASS">
          <reporter-output>
          </reporter-output>
        </test-method> <!-- BrowserAUtomation -->
        <test-method signature="elementsUi()[pri:0, instance:QaclickAcademy.SeleniumTest@6a78afa0]" started-at="2021-12-14T14:30:12 IST" name="elementsUi" finished-at="2021-12-14T14:30:12 IST" duration-ms="0" status="PASS">
          <reporter-output>
          </reporter-output>
        </test-method> <!-- elementsUi -->
      </class> <!-- QaclickAcademy.SeleniumTest -->
    </test> <!-- Command line test -->
  </suite> <!-- Command line suite -->
</testng-results>
