<?xml version="1.0" encoding="UTF-8"?>
<testng-results ignored="0" total="2" passed="2" failed="0" skipped="0">
  <reporter-output>
  </reporter-output>
  <suite started-at="2021-12-17T15:53:22 IST" name="Default suite" finished-at="2021-12-17T15:53:22 IST" duration-ms="87">
    <groups>
    </groups>
    <test started-at="2021-12-17T15:53:22 IST" name="Default test" finished-at="2021-12-17T15:53:22 IST" duration-ms="87">
      <class name="QaclickAcademy.SeleniumTest">
        <test-method signature="BrowserAUtomation()[pri:0, instance:QaclickAcademy.SeleniumTest@37d4349f]" started-at="2021-12-17T15:53:22 IST" name="BrowserAUtomation" finished-at="2021-12-17T15:53:22 IST" duration-ms="9" status="PASS">
          <reporter-output>
          </reporter-output>
        </test-method> <!-- BrowserAUtomation -->
        <test-method signature="elementsUi()[pri:0, instance:QaclickAcademy.SeleniumTest@37d4349f]" started-at="2021-12-17T15:53:22 IST" name="elementsUi" finished-at="2021-12-17T15:53:22 IST" duration-ms="3" status="PASS">
          <reporter-output>
          </reporter-output>
        </test-method> <!-- elementsUi -->
      </class> <!-- QaclickAcademy.SeleniumTest -->
    </test> <!-- Default test -->
  </suite> <!-- Default suite -->
</testng-results>
